2015/05/19 09:43:06 [error] [exception.CHttpException.404] exception 'CHttpException' with message 'Unable to resolve the request "gii".' in /opt/lampp/htdocs/yii/framework/web/CWebApplication.php:286
Stack trace:
#0 /opt/lampp/htdocs/yii/framework/web/CWebApplication.php(141): CWebApplication->runController('gii')
#1 /opt/lampp/htdocs/yii/framework/base/CApplication.php(180): CWebApplication->processRequest()
#2 /opt/lampp/htdocs/AppSDK/index.php(13): CApplication->run()
#3 {main}
REQUEST_URI=/AppSDK/index.php?r=gii
---
2015/05/19 10:33:54 [error] [exception.CHttpException.400] exception 'CHttpException' with message 'Your request is invalid.' in /opt/lampp/htdocs/yii/framework/web/CController.php:336
Stack trace:
#0 /opt/lampp/htdocs/yii/framework/web/CController.php(309): CController->invalidActionParams(Object(CInlineAction))
#1 /opt/lampp/htdocs/yii/framework/web/filters/CFilterChain.php(133): CController->runAction(Object(CInlineAction))
#2 /opt/lampp/htdocs/yii/framework/web/filters/CFilter.php(40): CFilterChain->run()
#3 /opt/lampp/htdocs/yii/framework/web/CController.php(1145): CFilter->filter(Object(CFilterChain))
#4 /opt/lampp/htdocs/yii/framework/web/filters/CInlineFilter.php(58): CController->filterAccessControl(Object(CFilterChain))
#5 /opt/lampp/htdocs/yii/framework/web/filters/CFilterChain.php(130): CInlineFilter->filter(Object(CFilterChain))
#6 /opt/lampp/htdocs/yii/framework/web/CController.php(291): CFilterChain->run()
#7 /opt/lampp/htdocs/yii/framework/web/CController.php(265): CController->runActionWithFilters(Object(CInlineAction), Array)
#8 /opt/lampp/htdocs/yii/framework/web/CWebApplication.php(282): CController->run('view')
#9 /opt/lampp/htdocs/yii/framework/web/CWebApplication.php(141): CWebApplication->runController('application/vie...')
#10 /opt/lampp/htdocs/yii/framework/base/CApplication.php(180): CWebApplication->processRequest()
#11 /opt/lampp/htdocs/AppSDK/index.php(13): CApplication->run()
#12 {main}
REQUEST_URI=/AppSDK/index.php?r=application/view
---
2015/05/19 10:34:41 [error] [exception.CHttpException.400] exception 'CHttpException' with message 'Your request is invalid.' in /opt/lampp/htdocs/yii/framework/web/CController.php:336
Stack trace:
#0 /opt/lampp/htdocs/yii/framework/web/CController.php(309): CController->invalidActionParams(Object(CInlineAction))
#1 /opt/lampp/htdocs/yii/framework/web/filters/CFilterChain.php(133): CController->runAction(Object(CInlineAction))
#2 /opt/lampp/htdocs/yii/framework/web/filters/CFilter.php(40): CFilterChain->run()
#3 /opt/lampp/htdocs/yii/framework/web/CController.php(1145): CFilter->filter(Object(CFilterChain))
#4 /opt/lampp/htdocs/yii/framework/web/filters/CInlineFilter.php(58): CController->filterAccessControl(Object(CFilterChain))
#5 /opt/lampp/htdocs/yii/framework/web/filters/CFilterChain.php(130): CInlineFilter->filter(Object(CFilterChain))
#6 /opt/lampp/htdocs/yii/framework/web/CController.php(291): CFilterChain->run()
#7 /opt/lampp/htdocs/yii/framework/web/CController.php(265): CController->runActionWithFilters(Object(CInlineAction), Array)
#8 /opt/lampp/htdocs/yii/framework/web/CWebApplication.php(282): CController->run('view')
#9 /opt/lampp/htdocs/yii/framework/web/CWebApplication.php(141): CWebApplication->runController('application/vie...')
#10 /opt/lampp/htdocs/yii/framework/base/CApplication.php(180): CWebApplication->processRequest()
#11 /opt/lampp/htdocs/AppSDK/index.php(13): CApplication->run()
#12 {main}
REQUEST_URI=/AppSDK/index.php?r=application/view&id=1
HTTP_REFERER=http://localhost/AppSDK/index.php?r=application/admin
---
2015/05/19 10:34:43 [error] [exception.CHttpException.400] exception 'CHttpException' with message 'Your request is invalid.' in /opt/lampp/htdocs/yii/framework/web/CController.php:336
Stack trace:
#0 /opt/lampp/htdocs/yii/framework/web/CController.php(309): CController->invalidActionParams(Object(CInlineAction))
#1 /opt/lampp/htdocs/yii/framework/web/filters/CFilterChain.php(133): CController->runAction(Object(CInlineAction))
#2 /opt/lampp/htdocs/yii/framework/web/filters/CFilter.php(40): CFilterChain->run()
#3 /opt/lampp/htdocs/yii/framework/web/CController.php(1145): CFilter->filter(Object(CFilterChain))
#4 /opt/lampp/htdocs/yii/framework/web/filters/CInlineFilter.php(58): CController->filterAccessControl(Object(CFilterChain))
#5 /opt/lampp/htdocs/yii/framework/web/filters/CFilterChain.php(130): CInlineFilter->filter(Object(CFilterChain))
#6 /opt/lampp/htdocs/yii/framework/web/CController.php(291): CFilterChain->run()
#7 /opt/lampp/htdocs/yii/framework/web/CController.php(265): CController->runActionWithFilters(Object(CInlineAction), Array)
#8 /opt/lampp/htdocs/yii/framework/web/CWebApplication.php(282): CController->run('view')
#9 /opt/lampp/htdocs/yii/framework/web/CWebApplication.php(141): CWebApplication->runController('application/vie...')
#10 /opt/lampp/htdocs/yii/framework/base/CApplication.php(180): CWebApplication->processRequest()
#11 /opt/lampp/htdocs/AppSDK/index.php(13): CApplication->run()
#12 {main}
REQUEST_URI=/AppSDK/index.php?r=application/view&id=1
HTTP_REFERER=http://localhost/AppSDK/index.php?r=application/admin
---
2015/05/19 11:37:39 [error] [exception.CException] exception 'CException' with message 'Property "User.productInfo" is not defined.' in /opt/lampp/htdocs/yii/framework/base/CComponent.php:130
Stack trace:
#0 /opt/lampp/htdocs/yii/framework/db/ar/CActiveRecord.php(145): CComponent->__get('productInfo')
#1 /opt/lampp/htdocs/AppSDK/protected/controllers/UserController.php(50): CActiveRecord->__get('productInfo')
#2 /opt/lampp/htdocs/AppSDK/protected/controllers/UserController.php(69): UserController->constructLicense(Object(User), '1', '865863020125972')
#3 [internal function]: UserController->actionView('865863020125972', '1')
#4 /opt/lampp/htdocs/yii/framework/web/actions/CAction.php(108): ReflectionMethod->invokeArgs(Object(UserController), Array)
#5 /opt/lampp/htdocs/yii/framework/web/actions/CInlineAction.php(47): CAction->runWithParamsInternal(Object(UserController), Object(ReflectionMethod), Array)
#6 /opt/lampp/htdocs/yii/framework/web/CController.php(308): CInlineAction->runWithParams(Array)
#7 /opt/lampp/htdocs/yii/framework/web/CController.php(286): CController->runAction(Object(CInlineAction))
#8 /opt/lampp/htdocs/yii/framework/web/CController.php(265): CController->runActionWithFilters(Object(CInlineAction), Array)
#9 /opt/lampp/htdocs/yii/framework/web/CWebApplication.php(282): CController->run('view')
#10 /opt/lampp/htdocs/yii/framework/web/CWebApplication.php(141): CWebApplication->runController('user/view')
#11 /opt/lampp/htdocs/yii/framework/base/CApplication.php(180): CWebApplication->processRequest()
#12 /opt/lampp/htdocs/AppSDK/index.php(13): CApplication->run()
#13 {main}
REQUEST_URI=/AppSDK/index.php?r=user/view&imei=865863020125972&app_id=1
---
2015/05/19 11:39:10 [error] [php] Undefined variable: key (/opt/lampp/htdocs/AppSDK/protected/controllers/UserController.php:53)
Stack trace:
#0 /opt/lampp/htdocs/yii/framework/web/actions/CAction.php(108): ReflectionMethod->invokeArgs()
#1 /opt/lampp/htdocs/yii/framework/web/actions/CInlineAction.php(47): CInlineAction->runWithParamsInternal()
#2 /opt/lampp/htdocs/yii/framework/web/CController.php(308): CInlineAction->runWithParams()
#3 /opt/lampp/htdocs/yii/framework/web/CController.php(286): UserController->runAction()
#4 /opt/lampp/htdocs/yii/framework/web/CController.php(265): UserController->runActionWithFilters()
#5 /opt/lampp/htdocs/yii/framework/web/CWebApplication.php(282): UserController->run()
#6 /opt/lampp/htdocs/yii/framework/web/CWebApplication.php(141): CWebApplication->runController()
#7 /opt/lampp/htdocs/yii/framework/base/CApplication.php(180): CWebApplication->processRequest()
#8 /opt/lampp/htdocs/AppSDK/index.php(13): CWebApplication->run()
REQUEST_URI=/AppSDK/index.php?r=user/view&imei=865863020125972&app_id=1
in /opt/lampp/htdocs/AppSDK/protected/controllers/UserController.php (53)
in /opt/lampp/htdocs/AppSDK/protected/controllers/UserController.php (69)
in /opt/lampp/htdocs/AppSDK/index.php (13)
2015/05/19 11:45:06 [error] [exception.CHttpException.400] exception 'CHttpException' with message 'Your request is invalid.' in /opt/lampp/htdocs/yii/framework/web/CController.php:336
Stack trace:
#0 /opt/lampp/htdocs/yii/framework/web/CController.php(309): CController->invalidActionParams(Object(CInlineAction))
#1 /opt/lampp/htdocs/yii/framework/web/CController.php(286): CController->runAction(Object(CInlineAction))
#2 /opt/lampp/htdocs/yii/framework/web/CController.php(265): CController->runActionWithFilters(Object(CInlineAction), Array)
#3 /opt/lampp/htdocs/yii/framework/web/CWebApplication.php(282): CController->run('view')
#4 /opt/lampp/htdocs/yii/framework/web/CWebApplication.php(141): CWebApplication->runController('user/view')
#5 /opt/lampp/htdocs/yii/framework/base/CApplication.php(180): CWebApplication->processRequest()
#6 /opt/lampp/htdocs/AppSDK/index.php(13): CApplication->run()
#7 {main}
REQUEST_URI=/AppSDK/index.php?r=user/view&imei865863020125972&app_id=1
---
2015/05/19 11:45:56 [error] [exception.CHttpException.400] exception 'CHttpException' with message 'Your request is invalid.' in /opt/lampp/htdocs/yii/framework/web/CController.php:336
Stack trace:
#0 /opt/lampp/htdocs/yii/framework/web/CController.php(309): CController->invalidActionParams(Object(CInlineAction))
#1 /opt/lampp/htdocs/yii/framework/web/CController.php(286): CController->runAction(Object(CInlineAction))
#2 /opt/lampp/htdocs/yii/framework/web/CController.php(265): CController->runActionWithFilters(Object(CInlineAction), Array)
#3 /opt/lampp/htdocs/yii/framework/web/CWebApplication.php(282): CController->run('view')
#4 /opt/lampp/htdocs/yii/framework/web/CWebApplication.php(141): CWebApplication->runController('user/view')
#5 /opt/lampp/htdocs/yii/framework/base/CApplication.php(180): CWebApplication->processRequest()
#6 /opt/lampp/htdocs/AppSDK/index.php(13): CApplication->run()
#7 {main}
REQUEST_URI=/AppSDK/index.php?r=user/view&imei865863020125972&app_id=1
---
2015/05/19 11:50:38 [error] [exception.CHttpException.400] exception 'CHttpException' with message 'Your request is invalid.' in /opt/lampp/htdocs/yii/framework/web/CController.php:336
Stack trace:
#0 /opt/lampp/htdocs/yii/framework/web/CController.php(309): CController->invalidActionParams(Object(CInlineAction))
#1 /opt/lampp/htdocs/yii/framework/web/CController.php(286): CController->runAction(Object(CInlineAction))
#2 /opt/lampp/htdocs/yii/framework/web/CController.php(265): CController->runActionWithFilters(Object(CInlineAction), Array)
#3 /opt/lampp/htdocs/yii/framework/web/CWebApplication.php(282): CController->run('view')
#4 /opt/lampp/htdocs/yii/framework/web/CWebApplication.php(141): CWebApplication->runController('user/view')
#5 /opt/lampp/htdocs/yii/framework/base/CApplication.php(180): CWebApplication->processRequest()
#6 /opt/lampp/htdocs/AppSDK/index.php(13): CApplication->run()
#7 {main}
REQUEST_URI=/AppSDK/index.php?r=user/view&imei865863020125972&app_id=1
---
2015/05/19 15:25:33 [error] [exception.CHttpException.400] exception 'CHttpException' with message 'Your request is invalid.' in /opt/lampp/htdocs/yii/framework/web/CController.php:336
Stack trace:
#0 /opt/lampp/htdocs/yii/framework/web/CController.php(309): CController->invalidActionParams(Object(CInlineAction))
#1 /opt/lampp/htdocs/yii/framework/web/CController.php(286): CController->runAction(Object(CInlineAction))
#2 /opt/lampp/htdocs/yii/framework/web/CController.php(265): CController->runActionWithFilters(Object(CInlineAction), Array)
#3 /opt/lampp/htdocs/yii/framework/web/CWebApplication.php(282): CController->run('view')
#4 /opt/lampp/htdocs/yii/framework/web/CWebApplication.php(141): CWebApplication->runController('user/view')
#5 /opt/lampp/htdocs/yii/framework/base/CApplication.php(180): CWebApplication->processRequest()
#6 /opt/lampp/htdocs/AppSDK/index.php(13): CApplication->run()
#7 {main}
REQUEST_URI=/AppSDK/index.php?r=user/view&id=1
HTTP_REFERER=http://localhost/AppSDK/index.php?r=user/create
---
2015/05/19 15:25:44 [error] [exception.CHttpException.400] exception 'CHttpException' with message 'Your request is invalid.' in /opt/lampp/htdocs/yii/framework/web/CController.php:336
Stack trace:
#0 /opt/lampp/htdocs/yii/framework/web/CController.php(309): CController->invalidActionParams(Object(CInlineAction))
#1 /opt/lampp/htdocs/yii/framework/web/CController.php(286): CController->runAction(Object(CInlineAction))
#2 /opt/lampp/htdocs/yii/framework/web/CController.php(265): CController->runActionWithFilters(Object(CInlineAction), Array)
#3 /opt/lampp/htdocs/yii/framework/web/CWebApplication.php(282): CController->run('view')
#4 /opt/lampp/htdocs/yii/framework/web/CWebApplication.php(141): CWebApplication->runController('user/view')
#5 /opt/lampp/htdocs/yii/framework/base/CApplication.php(180): CWebApplication->processRequest()
#6 /opt/lampp/htdocs/AppSDK/index.php(13): CApplication->run()
#7 {main}
REQUEST_URI=/AppSDK/index.php?r=user/view&id=2
HTTP_REFERER=http://localhost/AppSDK/index.php?r=user/create
---
2015/05/19 15:26:08 [error] [exception.CHttpException.400] exception 'CHttpException' with message 'Your request is invalid.' in /opt/lampp/htdocs/yii/framework/web/CController.php:336
Stack trace:
#0 /opt/lampp/htdocs/yii/framework/web/CController.php(309): CController->invalidActionParams(Object(CInlineAction))
#1 /opt/lampp/htdocs/yii/framework/web/CController.php(286): CController->runAction(Object(CInlineAction))
#2 /opt/lampp/htdocs/yii/framework/web/CController.php(265): CController->runActionWithFilters(Object(CInlineAction), Array)
#3 /opt/lampp/htdocs/yii/framework/web/CWebApplication.php(282): CController->run('view')
#4 /opt/lampp/htdocs/yii/framework/web/CWebApplication.php(141): CWebApplication->runController('user/view')
#5 /opt/lampp/htdocs/yii/framework/base/CApplication.php(180): CWebApplication->processRequest()
#6 /opt/lampp/htdocs/AppSDK/index.php(13): CApplication->run()
#7 {main}
REQUEST_URI=/AppSDK/index.php?r=user/view&id=3
HTTP_REFERER=http://localhost/AppSDK/index.php?r=user/create
---
2015/05/19 16:19:18 [error] [php] Undefined variable: jsonObj (/opt/lampp/htdocs/AppSDK/protected/controllers/UserController.php:66)
Stack trace:
#0 /opt/lampp/htdocs/yii/framework/web/actions/CAction.php(108): ReflectionMethod->invokeArgs()
#1 /opt/lampp/htdocs/yii/framework/web/actions/CInlineAction.php(47): CInlineAction->runWithParamsInternal()
#2 /opt/lampp/htdocs/yii/framework/web/CController.php(308): CInlineAction->runWithParams()
#3 /opt/lampp/htdocs/yii/framework/web/CController.php(286): UserController->runAction()
#4 /opt/lampp/htdocs/yii/framework/web/CController.php(265): UserController->runActionWithFilters()
#5 /opt/lampp/htdocs/yii/framework/web/CWebApplication.php(282): UserController->run()
#6 /opt/lampp/htdocs/yii/framework/web/CWebApplication.php(141): CWebApplication->runController()
#7 /opt/lampp/htdocs/yii/framework/base/CApplication.php(180): CWebApplication->processRequest()
#8 /opt/lampp/htdocs/AppSDK/index.php(13): CWebApplication->run()
REQUEST_URI=/AppSDK/index.php?r=user/view&imei=865863020125972&app_id=1
in /opt/lampp/htdocs/AppSDK/protected/controllers/UserController.php (66)
in /opt/lampp/htdocs/AppSDK/protected/controllers/UserController.php (93)
in /opt/lampp/htdocs/AppSDK/index.php (13)
2015/05/19 16:19:32 [error] [php] Undefined variable: jsonObj (/opt/lampp/htdocs/AppSDK/protected/controllers/UserController.php:66)
Stack trace:
#0 /opt/lampp/htdocs/yii/framework/web/actions/CAction.php(108): ReflectionMethod->invokeArgs()
#1 /opt/lampp/htdocs/yii/framework/web/actions/CInlineAction.php(47): CInlineAction->runWithParamsInternal()
#2 /opt/lampp/htdocs/yii/framework/web/CController.php(308): CInlineAction->runWithParams()
#3 /opt/lampp/htdocs/yii/framework/web/CController.php(286): UserController->runAction()
#4 /opt/lampp/htdocs/yii/framework/web/CController.php(265): UserController->runActionWithFilters()
#5 /opt/lampp/htdocs/yii/framework/web/CWebApplication.php(282): UserController->run()
#6 /opt/lampp/htdocs/yii/framework/web/CWebApplication.php(141): CWebApplication->runController()
#7 /opt/lampp/htdocs/yii/framework/base/CApplication.php(180): CWebApplication->processRequest()
#8 /opt/lampp/htdocs/AppSDK/index.php(13): CWebApplication->run()
REQUEST_URI=/AppSDK/index.php?r=user/view&imei=865863020125972&app_id=1
in /opt/lampp/htdocs/AppSDK/protected/controllers/UserController.php (66)
in /opt/lampp/htdocs/AppSDK/protected/controllers/UserController.php (93)
in /opt/lampp/htdocs/AppSDK/index.php (13)
2015/05/19 16:20:15 [error] [php] Undefined variable: jsonObj (/opt/lampp/htdocs/AppSDK/protected/controllers/UserController.php:66)
Stack trace:
#0 /opt/lampp/htdocs/yii/framework/web/actions/CAction.php(108): ReflectionMethod->invokeArgs()
#1 /opt/lampp/htdocs/yii/framework/web/actions/CInlineAction.php(47): CInlineAction->runWithParamsInternal()
#2 /opt/lampp/htdocs/yii/framework/web/CController.php(308): CInlineAction->runWithParams()
#3 /opt/lampp/htdocs/yii/framework/web/CController.php(286): UserController->runAction()
#4 /opt/lampp/htdocs/yii/framework/web/CController.php(265): UserController->runActionWithFilters()
#5 /opt/lampp/htdocs/yii/framework/web/CWebApplication.php(282): UserController->run()
#6 /opt/lampp/htdocs/yii/framework/web/CWebApplication.php(141): CWebApplication->runController()
#7 /opt/lampp/htdocs/yii/framework/base/CApplication.php(180): CWebApplication->processRequest()
#8 /opt/lampp/htdocs/AppSDK/index.php(13): CWebApplication->run()
REQUEST_URI=/AppSDK/index.php?r=user/view&imei=865863020125972&app_id=1
in /opt/lampp/htdocs/AppSDK/protected/controllers/UserController.php (66)
in /opt/lampp/htdocs/AppSDK/protected/controllers/UserController.php (93)
in /opt/lampp/htdocs/AppSDK/index.php (13)
2015/05/19 16:20:27 [error] [php] Undefined variable: jsonObj (/opt/lampp/htdocs/AppSDK/protected/controllers/UserController.php:66)
Stack trace:
#0 /opt/lampp/htdocs/yii/framework/web/actions/CAction.php(108): ReflectionMethod->invokeArgs()
#1 /opt/lampp/htdocs/yii/framework/web/actions/CInlineAction.php(47): CInlineAction->runWithParamsInternal()
#2 /opt/lampp/htdocs/yii/framework/web/CController.php(308): CInlineAction->runWithParams()
#3 /opt/lampp/htdocs/yii/framework/web/CController.php(286): UserController->runAction()
#4 /opt/lampp/htdocs/yii/framework/web/CController.php(265): UserController->runActionWithFilters()
#5 /opt/lampp/htdocs/yii/framework/web/CWebApplication.php(282): UserController->run()
#6 /opt/lampp/htdocs/yii/framework/web/CWebApplication.php(141): CWebApplication->runController()
#7 /opt/lampp/htdocs/yii/framework/base/CApplication.php(180): CWebApplication->processRequest()
#8 /opt/lampp/htdocs/AppSDK/index.php(13): CWebApplication->run()
REQUEST_URI=/AppSDK/index.php?r=user/view&imei=865863020125972&app_id=1
in /opt/lampp/htdocs/AppSDK/protected/controllers/UserController.php (66)
in /opt/lampp/htdocs/AppSDK/protected/controllers/UserController.php (93)
in /opt/lampp/htdocs/AppSDK/index.php (13)
2015/05/19 16:21:06 [error] [php] Undefined variable: jsonObj (/opt/lampp/htdocs/AppSDK/protected/controllers/UserController.php:66)
Stack trace:
#0 /opt/lampp/htdocs/yii/framework/web/actions/CAction.php(108): ReflectionMethod->invokeArgs()
#1 /opt/lampp/htdocs/yii/framework/web/actions/CInlineAction.php(47): CInlineAction->runWithParamsInternal()
#2 /opt/lampp/htdocs/yii/framework/web/CController.php(308): CInlineAction->runWithParams()
#3 /opt/lampp/htdocs/yii/framework/web/CController.php(286): UserController->runAction()
#4 /opt/lampp/htdocs/yii/framework/web/CController.php(265): UserController->runActionWithFilters()
#5 /opt/lampp/htdocs/yii/framework/web/CWebApplication.php(282): UserController->run()
#6 /opt/lampp/htdocs/yii/framework/web/CWebApplication.php(141): CWebApplication->runController()
#7 /opt/lampp/htdocs/yii/framework/base/CApplication.php(180): CWebApplication->processRequest()
#8 /opt/lampp/htdocs/AppSDK/index.php(13): CWebApplication->run()
REQUEST_URI=/AppSDK/index.php?r=user/view&imei=865863020125972&app_id=1
in /opt/lampp/htdocs/AppSDK/protected/controllers/UserController.php (66)
in /opt/lampp/htdocs/AppSDK/protected/controllers/UserController.php (93)
in /opt/lampp/htdocs/AppSDK/index.php (13)
2015/05/19 16:30:05 [error] [exception.CHttpException.400] exception 'CHttpException' with message 'Your request is invalid.' in /opt/lampp/htdocs/yii/framework/web/CController.php:336
Stack trace:
#0 /opt/lampp/htdocs/yii/framework/web/CController.php(309): CController->invalidActionParams(Object(CInlineAction))
#1 /opt/lampp/htdocs/yii/framework/web/CController.php(286): CController->runAction(Object(CInlineAction))
#2 /opt/lampp/htdocs/yii/framework/web/CController.php(265): CController->runActionWithFilters(Object(CInlineAction), Array)
#3 /opt/lampp/htdocs/yii/framework/web/CWebApplication.php(282): CController->run('view')
#4 /opt/lampp/htdocs/yii/framework/web/CWebApplication.php(141): CWebApplication->runController('user/view')
#5 /opt/lampp/htdocs/yii/framework/base/CApplication.php(180): CWebApplication->processRequest()
#6 /opt/lampp/htdocs/AppSDK/index.php(13): CApplication->run()
#7 {main}
REQUEST_URI=/AppSDK/index.php?r=user/view&id=1
HTTP_REFERER=http://localhost/AppSDK/index.php?r=user/update&id=1
---
2015/05/19 17:46:27 [error] [exception.CHttpException.400] exception 'CHttpException' with message 'Your request is invalid.' in /opt/lampp/htdocs/yii/framework/web/CController.php:336
Stack trace:
#0 /opt/lampp/htdocs/yii/framework/web/CController.php(309): CController->invalidActionParams(Object(CInlineAction))
#1 /opt/lampp/htdocs/yii/framework/web/CController.php(286): CController->runAction(Object(CInlineAction))
#2 /opt/lampp/htdocs/yii/framework/web/CController.php(265): CController->runActionWithFilters(Object(CInlineAction), Array)
#3 /opt/lampp/htdocs/yii/framework/web/CWebApplication.php(282): CController->run('view')
#4 /opt/lampp/htdocs/yii/framework/web/CWebApplication.php(141): CWebApplication->runController('user/view')
#5 /opt/lampp/htdocs/yii/framework/base/CApplication.php(180): CWebApplication->processRequest()
#6 /opt/lampp/htdocs/AppSDK/index.php(13): CApplication->run()
#7 {main}
REQUEST_URI=/AppSDK/index.php?r=user/view&id=1
HTTP_REFERER=http://localhost/AppSDK/index.php?r=user/update&id=1
---
2015/05/19 19:07:04 [error] [php] Array to string conversion (/opt/lampp/htdocs/AppSDK/protected/controllers/response.php:14)
Stack trace:
#0 /opt/lampp/htdocs/yii/framework/web/actions/CAction.php(108): ReflectionMethod->invokeArgs()
#1 /opt/lampp/htdocs/yii/framework/web/actions/CInlineAction.php(47): CInlineAction->runWithParamsInternal()
#2 /opt/lampp/htdocs/yii/framework/web/CController.php(308): CInlineAction->runWithParams()
#3 /opt/lampp/htdocs/yii/framework/web/CController.php(286): UserController->runAction()
#4 /opt/lampp/htdocs/yii/framework/web/CController.php(265): UserController->runActionWithFilters()
#5 /opt/lampp/htdocs/yii/framework/web/CWebApplication.php(282): UserController->run()
#6 /opt/lampp/htdocs/yii/framework/web/CWebApplication.php(141): CWebApplication->runController()
#7 /opt/lampp/htdocs/yii/framework/base/CApplication.php(180): CWebApplication->processRequest()
#8 /opt/lampp/htdocs/AppSDK/index.php(13): CWebApplication->run()
REQUEST_URI=/AppSDK/index.php?r=user/view&imei=865863020125972&app_id=1
in /opt/lampp/htdocs/AppSDK/protected/controllers/response.php (14)
in /opt/lampp/htdocs/AppSDK/protected/controllers/UserController.php (102)
in /opt/lampp/htdocs/AppSDK/index.php (13)
2015/05/20 11:04:31 [error] [php] Undefined variable: amout (/opt/lampp/htdocs/AppSDK/protected/controllers/PayController.php:22)
Stack trace:
#0 /opt/lampp/htdocs/yii/framework/web/CController.php(286): PayController->runAction()
#1 /opt/lampp/htdocs/yii/framework/web/CController.php(265): PayController->runActionWithFilters()
#2 /opt/lampp/htdocs/yii/framework/web/CWebApplication.php(282): PayController->run()
#3 /opt/lampp/htdocs/yii/framework/web/CWebApplication.php(141): CWebApplication->runController()
#4 /opt/lampp/htdocs/yii/framework/base/CApplication.php(180): CWebApplication->processRequest()
#5 /opt/lampp/htdocs/AppSDK/index.php(13): CWebApplication->run()
REQUEST_URI=/AppSDK/index.php?r=pay/order
in /opt/lampp/htdocs/AppSDK/protected/controllers/PayController.php (22)
in /opt/lampp/htdocs/AppSDK/index.php (13)
2015/05/20 11:04:36 [error] [php] Undefined variable: amout (/opt/lampp/htdocs/AppSDK/protected/controllers/PayController.php:22)
Stack trace:
#0 /opt/lampp/htdocs/yii/framework/web/CController.php(286): PayController->runAction()
#1 /opt/lampp/htdocs/yii/framework/web/CController.php(265): PayController->runActionWithFilters()
#2 /opt/lampp/htdocs/yii/framework/web/CWebApplication.php(282): PayController->run()
#3 /opt/lampp/htdocs/yii/framework/web/CWebApplication.php(141): CWebApplication->runController()
#4 /opt/lampp/htdocs/yii/framework/base/CApplication.php(180): CWebApplication->processRequest()
#5 /opt/lampp/htdocs/AppSDK/index.php(13): CWebApplication->run()
REQUEST_URI=/AppSDK/index.php?r=pay/order
in /opt/lampp/htdocs/AppSDK/protected/controllers/PayController.php (22)
in /opt/lampp/htdocs/AppSDK/index.php (13)
2015/05/20 11:05:00 [error] [php] Undefined variable: amout (/opt/lampp/htdocs/AppSDK/protected/controllers/PayController.php:22)
Stack trace:
#0 /opt/lampp/htdocs/yii/framework/web/CController.php(286): PayController->runAction()
#1 /opt/lampp/htdocs/yii/framework/web/CController.php(265): PayController->runActionWithFilters()
#2 /opt/lampp/htdocs/yii/framework/web/CWebApplication.php(282): PayController->run()
#3 /opt/lampp/htdocs/yii/framework/web/CWebApplication.php(141): CWebApplication->runController()
#4 /opt/lampp/htdocs/yii/framework/base/CApplication.php(180): CWebApplication->processRequest()
#5 /opt/lampp/htdocs/AppSDK/index.php(13): CWebApplication->run()
REQUEST_URI=/AppSDK/index.php?r=pay/order
in /opt/lampp/htdocs/AppSDK/protected/controllers/PayController.php (22)
in /opt/lampp/htdocs/AppSDK/index.php (13)
